#
# A fatal error has been detected by the Java Runtime Environment:
#
#  EXCEPTION_ACCESS_VIOLATION (0xc0000005) at pc=0x00007ff821393526, pid=13492, tid=17536
#
# JRE version: Java(TM) SE Runtime Environment (17.0.1+12) (build 17.0.1+12-LTS-39)
# Java VM: Java HotSpot(TM) 64-Bit Server VM (17.0.1+12-LTS-39, mixed mode, sharing, tiered, compressed oops, compressed class ptrs, g1 gc, windows-amd64)
# Problematic frame:
# C  [ntdll.dll+0x63526]
#
# No core dump will be written. Minidumps are not enabled by default on client versions of Windows
#
# If you would like to submit a bug report, please visit:
#   https://bugreport.java.com/bugreport/crash.jsp
# The crash happened outside the Java Virtual Machine in native code.
# See problematic frame for where to report the bug.
#

---------------  S U M M A R Y ------------

Command Line: -Dvisualvm.id=94462012293600 --enable-preview -javaagent:C:\Program Files\JetBrains\IntelliJ IDEA Community Edition 2022.2.3\lib\idea_rt.jar=63756:C:\Program Files\JetBrains\IntelliJ IDEA Community Edition 2022.2.3\bin -Dfile.encoding=UTF-8 com.ewan.dunjeon.game.Main

Host: AMD Ryzen 5 5600X 6-Core Processor             , 12 cores, 15G,  Windows 10 , 64 bit Build 19041 (10.0.19041.2251)
Time: Sun Nov 13 14:06:29 2022 Eastern Standard Time elapsed time: 20.292978 seconds (0d 0h 0m 20s)

---------------  T H R E A D  ---------------

Current thread (0x0000019f56b8abb0):  JavaThread "AWT-EventQueue-0" [_thread_in_native, id=17536, stack(0x0000002005300000,0x0000002005400000)]

Stack: [0x0000002005300000,0x0000002005400000],  sp=0x00000020053fe360,  free space=1016k
Native frames: (J=compiled Java code, j=interpreted, Vv=VM code, C=native code)
C  [ntdll.dll+0x63526]
C  [ntdll.dll+0x2fcb4]
C  [ntdll.dll+0x2fae2]
C  0x00007ffffa01fe5c

Java frames: (J=compiled Java code, j=interpreted, Vv=VM code)
j  sun.java2d.d3d.D3DSurfaceData.initOps(III)V+0 java.desktop@17.0.1
j  sun.java2d.d3d.D3DSurfaceData.<init>(Lsun/awt/windows/WComponentPeer;Lsun/java2d/d3d/D3DGraphicsConfig;IILjava/awt/Image;Ljava/awt/image/ColorModel;IILsun/java2d/pipe/hw/ExtendedBufferCapabilities$VSyncType;I)V+212 java.desktop@17.0.1
j  sun.java2d.d3d.D3DSurfaceData.createData(Lsun/java2d/d3d/D3DGraphicsConfig;IILjava/awt/image/ColorModel;Ljava/awt/Image;I)Lsun/java2d/d3d/D3DSurfaceData;+70 java.desktop@17.0.1
j  sun.java2d.d3d.D3DVolatileSurfaceManager.initAcceleratedSurface()Lsun/java2d/SurfaceData;+142 java.desktop@17.0.1
j  sun.java2d.d3d.D3DVolatileSurfaceManager.restoreAcceleratedSurface()V+49 java.desktop@17.0.1
J 1713 c1 sun.awt.image.VolatileSurfaceManager.validate(Ljava/awt/GraphicsConfiguration;)I java.desktop@17.0.1 (213 bytes) @ 0x0000019f396d41cc [0x0000019f396d3c80+0x000000000000054c]
J 1683 c1 javax.swing.RepaintManager$PaintManager.paint(Ljavax/swing/JComponent;Ljavax/swing/JComponent;Ljava/awt/Graphics;IIII)Z java.desktop@17.0.1 (201 bytes) @ 0x0000019f396c4c94 [0x0000019f396c4580+0x0000000000000714]
J 1652 c1 javax.swing.RepaintManager.paint(Ljavax/swing/JComponent;Ljavax/swing/JComponent;Ljava/awt/Graphics;IIII)V java.desktop@17.0.1 (94 bytes) @ 0x0000019f396acc5c [0x0000019f396ac8a0+0x00000000000003bc]
J 1605 c1 javax.swing.JComponent._paintImmediately(IIII)V java.desktop@17.0.1 (891 bytes) @ 0x0000019f396842ec [0x0000019f396817e0+0x0000000000002b0c]
J 1644 c1 javax.swing.JComponent.paintImmediately(IIII)V java.desktop@17.0.1 (155 bytes) @ 0x0000019f396a947c [0x0000019f396a8600+0x0000000000000e7c]
J 1597 c1 javax.swing.RepaintManager$4.run()Ljava/lang/Void; java.desktop@17.0.1 (277 bytes) @ 0x0000019f3967d1f4 [0x0000019f3967cb00+0x00000000000006f4]
J 1641 c1 javax.swing.RepaintManager.paintDirtyRegions(Ljava/util/Map;)V java.desktop@17.0.1 (196 bytes) @ 0x0000019f396a362c [0x0000019f396a2420+0x000000000000120c]
J 1640 c1 javax.swing.RepaintManager.paintDirtyRegions()V java.desktop@17.0.1 (50 bytes) @ 0x0000019f396a69dc [0x0000019f396a67e0+0x00000000000001fc]
J 1639 c1 javax.swing.RepaintManager.prePaintDirtyRegions()V java.desktop@17.0.1 (91 bytes) @ 0x0000019f396a1a5c [0x0000019f396a14c0+0x000000000000059c]
J 1581 c1 javax.swing.RepaintManager$ProcessingRunnable.run()V java.desktop@17.0.1 (41 bytes) @ 0x0000019f39675c4c [0x0000019f39675ae0+0x000000000000016c]
J 1573 c1 java.awt.event.InvocationEvent.dispatch()V java.desktop@17.0.1 (69 bytes) @ 0x0000019f3966849c [0x0000019f39668280+0x000000000000021c]
J 1627 c1 java.awt.EventQueue.dispatchEventImpl(Ljava/awt/AWTEvent;Ljava/lang/Object;)V java.desktop@17.0.1 (136 bytes) @ 0x0000019f39696c5c [0x0000019f39695160+0x0000000000001afc]
J 1626 c1 java.awt.EventQueue$4.run()Ljava/lang/Void; java.desktop@17.0.1 (60 bytes) @ 0x0000019f39694a24 [0x0000019f396948e0+0x0000000000000144]
J 1550 c1 java.awt.EventQueue.dispatchEvent(Ljava/awt/AWTEvent;)V java.desktop@17.0.1 (80 bytes) @ 0x0000019f3965a124 [0x0000019f39659b60+0x00000000000005c4]
J 1554 c1 java.awt.EventDispatchThread.pumpOneEventForFilters(I)V java.desktop@17.0.1 (113 bytes) @ 0x0000019f3965e034 [0x0000019f3965d9a0+0x0000000000000694]
j  java.awt.EventDispatchThread.pumpEventsForFilter(ILjava/awt/Conditional;Ljava/awt/EventFilter;)V+35 java.desktop@17.0.1
j  java.awt.EventDispatchThread.pumpEventsForHierarchy(ILjava/awt/Conditional;Ljava/awt/Component;)V+11 java.desktop@17.0.1
j  java.awt.EventDispatchThread.pumpEvents(ILjava/awt/Conditional;)V+4 java.desktop@17.0.1
j  java.awt.EventDispatchThread.pumpEvents(Ljava/awt/Conditional;)V+3 java.desktop@17.0.1
j  java.awt.EventDispatchThread.run()V+9 java.desktop@17.0.1
v  ~StubRoutines::call_stub

siginfo: EXCEPTION_ACCESS_VIOLATION (0xc0000005), writing address 0x0000000000000024


Register to memory mapping:

RIP=0x00007ff821393526 ntdll.dll
RAX=0x0 is NULL
RBX=0x0000019f55dcd368 points into unknown readable memory: 0x0000000000000000 | 00 00 00 00 00 00 00 00
RCX=0x0000019f55dcd368 points into unknown readable memory: 0x0000000000000000 | 00 00 00 00 00 00 00 00
RDX=0x00000000fffffffa is an unknown value
RSP=0x00000020053fe360 is pointing into the stack for thread: 0x0000019f56b8abb0
RBP=0x0000000000010000 is an unknown value
RSI=0x0 is NULL
RDI=0x0 is NULL
R8 =0x0 is NULL
R9 =0x0000019f55dcd300 points into unknown readable memory: 0x0000000f001024c8 | c8 24 10 00 0f 00 00 00
R10=0x00013dfab5a0662f is an unknown value
R11=0x00013dfab5a06498 is an unknown value
R12=0x0 is NULL
R13=0x0000002003a46000 points into unknown readable memory: 0x0000000000000000 | 00 00 00 00 00 00 00 00
R14=0x0000000000000001 is an unknown value
R15=0x0 is NULL


Registers:
RAX=0x0000000000000000, RBX=0x0000019f55dcd368, RCX=0x0000019f55dcd368, RDX=0x00000000fffffffa
RSP=0x00000020053fe360, RBP=0x0000000000010000, RSI=0x0000000000000000, RDI=0x0000000000000000
R8 =0x0000000000000000, R9 =0x0000019f55dcd300, R10=0x00013dfab5a0662f, R11=0x00013dfab5a06498
R12=0x0000000000000000, R13=0x0000002003a46000, R14=0x0000000000000001, R15=0x0000000000000000
RIP=0x00007ff821393526, EFLAGS=0x0000000000010213

Top of Stack: (sp=0x00000020053fe360)
0x00000020053fe360:   ffffffffffffffff 0000019f55dcd368
0x00000020053fe370:   0000019f00000000 00007ffface5fb70
0x00000020053fe380:   000000070fa591c8 0000019f567d4e70
0x00000020053fe390:   0000019f2f5902b8 0000019f00000003
0x00000020053fe3a0:   0000019f54a95400 00000000fffffffa
0x00000020053fe3b0:   0000002003a46000 00000020053fe368
0x00000020053fe3c0:   00000020053fe3a9 0000000800000005
0x00000020053fe3d0:   0000019f54a95400 0000000000000000
0x00000020053fe3e0:   0000c3ff9536c738 000000200000000e
0x00000020053fe3f0:   00006106af7bee57 0000000000000000
0x00000020053fe400:   0000019f56b8ab00 0000000000000001
0x00000020053fe410:   0000000000000001 0000000000000001
0x00000020053fe420:   0000000000000000 0000019f55dcd368
0x00000020053fe430:   0000000000010000 00007ff82135fcb4
0x00000020053fe440:   0000019f5543b958 00007fff9e511653
0x00000020053fe450:   00000000fffffffa 0000000000000000 

Instructions: (pc=0x00007ff821393526)
0x00007ff821393426:   20 e9 ed fe ff ff 48 89 41 18 e9 e4 fe ff ff cc
0x00007ff821393436:   cc cc cc cc cc cc cc cc cc cc 80 3d c1 90 10 00
0x00007ff821393446:   00 0f 95 c0 c3 cc cc cc cc cc cc cc cc cc cc cc
0x00007ff821393456:   cc cc cc cc cc cc cc cc cc cc 48 83 ec 38 8b 05
0x00007ff821393466:   c2 76 10 00 89 44 24 20 e8 41 02 00 00 48 83 c4
0x00007ff821393476:   38 c3 cc cc cc cc cc cc cc cc 48 89 5c 24 18 55
0x00007ff821393486:   56 57 41 54 41 55 41 56 41 57 48 81 ec a0 00 00
0x00007ff821393496:   00 48 8b 05 72 10 12 00 48 33 c4 48 89 84 24 90
0x00007ff8213934a6:   00 00 00 65 4c 8b 2c 25 30 00 00 00 48 8d 05 0f
0x00007ff8213934b6:   31 10 00 40 32 ed 89 54 24 48 33 f6 40 88 6c 24
0x00007ff8213934c6:   40 4c 89 6c 24 50 48 8b d9 44 8b e6 48 3b c8 0f
0x00007ff8213934d6:   84 39 01 00 00 40 38 35 26 90 10 00 0f 85 a8 01
0x00007ff8213934e6:   00 00 39 35 3a 90 10 00 0f 85 6a 01 00 00 40 38
0x00007ff8213934f6:   35 fd 8a 10 00 48 8d 3d fe 8a 10 00 48 0f 45 fe
0x00007ff821393506:   48 39 73 18 0f 84 d2 00 00 00 48 8b 03 48 83 f8
0x00007ff821393516:   ff 0f 84 d2 00 00 00 44 8b fe 48 83 f8 ff 74 03
0x00007ff821393526:   ff 40 24 4c 8b 73 18 4c 8d 2d 94 30 10 00 bd 22
0x00007ff821393536:   17 00 00 e8 12 13 fc ff 85 c0 0f 85 46 b4 05 00
0x00007ff821393546:   b9 82 03 fe 7f 80 39 00 0f 85 54 b4 05 00 49 83
0x00007ff821393556:   fe ff 0f 85 e2 b4 05 00 4c 8b cf c7 44 24 20 00
0x00007ff821393566:   00 00 00 41 b8 04 00 00 00 48 8d 54 24 48 48 8d
0x00007ff821393576:   4b 08 e8 37 01 00 00 3d 02 01 00 00 0f 84 cb b4
0x00007ff821393586:   05 00 8b 4b 08 89 4c 24 48 f6 c1 02 75 ca 3d 02
0x00007ff821393596:   01 00 00 0f 84 b4 b4 05 00 0f b6 6c 24 40 4c 8b
0x00007ff8213935a6:   6c 24 50 85 c0 0f 88 00 b6 05 00 40 84 ed 75 73
0x00007ff8213935b6:   48 8b 8c 24 90 00 00 00 48 33 cc e8 7a 8d 02 00
0x00007ff8213935c6:   48 8b 9c 24 f0 00 00 00 48 81 c4 a0 00 00 00 41
0x00007ff8213935d6:   5f 41 5e 41 5d 41 5c 5f 5e 5d c3 cc 48 8b cb e8
0x00007ff8213935e6:   56 05 00 00 e9 21 ff ff ff 8b 4b 20 48 c7 c0 ff
0x00007ff8213935f6:   ff ff ff 48 0f ba e1 18 0f 82 19 ff ff ff 48 8b
0x00007ff821393606:   cb e8 34 e2 fa ff 48 8b 03 e9 09 ff ff ff c6 44
0x00007ff821393616:   24 40 01 41 c7 85 60 17 00 00 01 00 00 00 e9 b2 


Stack slot to memory mapping:
stack at sp + 0 slots: 0xffffffffffffffff is an unknown value
stack at sp + 1 slots: 0x0000019f55dcd368 points into unknown readable memory: 0x0000000000000000 | 00 00 00 00 00 00 00 00
stack at sp + 2 slots: 0x0000019f00000000 is an unknown value
stack at sp + 3 slots: 0x00007ffface5fb70 awt.dll
stack at sp + 4 slots: 0x000000070fa591c8 is an oop: [I 
{0x000000070fa591c8} - klass: {type array int}
 - length: 3
stack at sp + 5 slots: 0x0000019f567d4e70 points into unknown readable memory: 0x00007ffface13710 | 10 37 e1 ac ff 7f 00 00
stack at sp + 6 slots: 0x0000019f2f5902b8 points into unknown readable memory: 0x0006000700050006 | 06 00 05 00 07 00 06 00
stack at sp + 7 slots: 0x0000019f00000003 is an unknown value


---------------  P R O C E S S  ---------------

Threads class SMR info:
_java_thread_list=0x0000019f56c6e350, length=19, elements={
0x0000019f3163f3e0, 0x0000019f54771260, 0x0000019f547720d0, 0x0000019f54781460,
0x0000019f54784e40, 0x0000019f54787800, 0x0000019f547881b0, 0x0000019f5478c440,
0x0000019f54794ef0, 0x0000019f54797cf0, 0x0000019f551d1590, 0x0000019f5526aaa0,
0x0000019f5526af70, 0x0000019f565831d0, 0x0000019f55d43ef0, 0x0000019f56b8abb0,
0x0000019f56be9720, 0x0000019f56c76390, 0x0000019f56c76860
}

Java Threads: ( => current thread )
  0x0000019f3163f3e0 JavaThread "main" [_thread_blocked, id=288, stack(0x0000002003f00000,0x0000002004000000)]
  0x0000019f54771260 JavaThread "Reference Handler" daemon [_thread_blocked, id=17912, stack(0x0000002004600000,0x0000002004700000)]
  0x0000019f547720d0 JavaThread "Finalizer" daemon [_thread_blocked, id=16132, stack(0x0000002004700000,0x0000002004800000)]
  0x0000019f54781460 JavaThread "Signal Dispatcher" daemon [_thread_blocked, id=5728, stack(0x0000002004800000,0x0000002004900000)]
  0x0000019f54784e40 JavaThread "Attach Listener" daemon [_thread_blocked, id=12904, stack(0x0000002004900000,0x0000002004a00000)]
  0x0000019f54787800 JavaThread "Service Thread" daemon [_thread_blocked, id=13920, stack(0x0000002004a00000,0x0000002004b00000)]
  0x0000019f547881b0 JavaThread "Monitor Deflation Thread" daemon [_thread_blocked, id=2124, stack(0x0000002004b00000,0x0000002004c00000)]
  0x0000019f5478c440 JavaThread "C2 CompilerThread0" daemon [_thread_blocked, id=5160, stack(0x0000002004c00000,0x0000002004d00000)]
  0x0000019f54794ef0 JavaThread "C1 CompilerThread0" daemon [_thread_blocked, id=10716, stack(0x0000002004d00000,0x0000002004e00000)]
  0x0000019f54797cf0 JavaThread "Sweeper thread" daemon [_thread_blocked, id=17760, stack(0x0000002004e00000,0x0000002004f00000)]
  0x0000019f551d1590 JavaThread "Common-Cleaner" daemon [_thread_blocked, id=2508, stack(0x0000002004f00000,0x0000002005000000)]
  0x0000019f5526aaa0 JavaThread "Monitor Ctrl-Break" daemon [_thread_in_native, id=16628, stack(0x0000002005000000,0x0000002005100000)]
  0x0000019f5526af70 JavaThread "Notification Thread" daemon [_thread_blocked, id=19076, stack(0x0000002005100000,0x0000002005200000)]
  0x0000019f565831d0 JavaThread "Java2D Disposer" daemon [_thread_blocked, id=20740, stack(0x0000002005a00000,0x0000002005b00000)]
  0x0000019f55d43ef0 JavaThread "AWT-Shutdown" [_thread_blocked, id=21220, stack(0x0000002005b00000,0x0000002005c00000)]
=>0x0000019f56b8abb0 JavaThread "AWT-EventQueue-0" [_thread_in_native, id=17536, stack(0x0000002005300000,0x0000002005400000)]
  0x0000019f56be9720 JavaThread "Thread-0" [_thread_blocked, id=10932, stack(0x0000002005400000,0x0000002005500000)]
  0x0000019f56c76390 JavaThread "SIGINT handler" daemon [_thread_blocked, id=11532, stack(0x0000002007000000,0x0000002007100000)]
  0x0000019f56c76860 JavaThread "ToolkitShutdown" daemon [_thread_in_native, id=15328, stack(0x0000002007100000,0x0000002007200000)]

Other Threads:
  0x0000019f5476c660 VMThread "VM Thread" [stack: 0x0000002004500000,0x0000002004600000] [id=12504]
  0x0000019f316a7920 WatcherThread [stack: 0x0000002005200000,0x0000002005300000] [id=10580]
  0x0000019f3168df30 GCTaskThread "GC Thread#0" [stack: 0x0000002004000000,0x0000002004100000] [id=19328]
  0x0000019f556a3510 GCTaskThread "GC Thread#1" [stack: 0x0000002005500000,0x0000002005600000] [id=11484]
  0x0000019f55adc550 GCTaskThread "GC Thread#2" [stack: 0x0000002005600000,0x0000002005700000] [id=20816]
  0x0000019f558c74f0 GCTaskThread "GC Thread#3" [stack: 0x0000002005700000,0x0000002005800000] [id=9344]
  0x0000019f558c77a0 GCTaskThread "GC Thread#4" [stack: 0x0000002005800000,0x0000002005900000] [id=16340]
  0x0000019f558c7ed0 GCTaskThread "GC Thread#5" [stack: 0x0000002005900000,0x0000002005a00000] [id=7176]
  0x0000019f56c6cb20 GCTaskThread "GC Thread#6" [stack: 0x0000002006d00000,0x0000002006e00000] [id=20056]
  0x0000019f56c6cdd0 GCTaskThread "GC Thread#7" [stack: 0x0000002006e00000,0x0000002006f00000] [id=21004]
  0x0000019f55908330 GCTaskThread "GC Thread#8" [stack: 0x0000002006f00000,0x0000002007000000] [id=16244]
  0x0000019f316a0150 ConcurrentGCThread "G1 Main Marker" [stack: 0x0000002004100000,0x0000002004200000] [id=11680]
  0x0000019f316a2310 ConcurrentGCThread "G1 Conc#0" [stack: 0x0000002004200000,0x0000002004300000] [id=20836]
  0x0000019f3171db90 ConcurrentGCThread "G1 Refine#0" [stack: 0x0000002004300000,0x0000002004400000] [id=12664]
  0x0000019f3171e5b0 ConcurrentGCThread "G1 Service" [stack: 0x0000002004400000,0x0000002004500000] [id=12084]

Threads with active compile tasks:

VM state: not at safepoint (normal execution)

VM Mutex/Monitor currently owned by a thread: None

Heap address: 0x0000000701200000, size: 4078 MB, Compressed Oops mode: Zero based, Oop shift amount: 3

CDS archive(s) mapped at: [0x0000000800000000-0x0000000800bc0000-0x0000000800bc0000), size 12320768, SharedBaseAddress: 0x0000000800000000, ArchiveRelocationMode: 0.
Compressed class space mapped at: 0x0000000800c00000-0x0000000840c00000, reserved size: 1073741824
Narrow klass base: 0x0000000800000000, Narrow klass shift: 0, Narrow klass range: 0x100000000

GC Precious Log:
 CPUs: 12 total, 12 available
 Memory: 16309M
 Large Page Support: Disabled
 NUMA Support: Disabled
 Compressed Oops: Enabled (Zero based)
 Heap Region Size: 2M
 Heap Min Capacity: 8M
 Heap Initial Capacity: 256M
 Heap Max Capacity: 4078M
 Pre-touch: Disabled
 Parallel Workers: 10
 Concurrent Workers: 3
 Concurrent Refinement Workers: 10
 Periodic GC: Disabled

Heap:
 garbage-first heap   total 262144K, used 47882K [0x0000000701200000, 0x0000000800000000)
  region size 2048K, 25 young (51200K), 2 survivors (4096K)
 Metaspace       used 7195K, committed 7488K, reserved 1056768K
  class space    used 767K, committed 896K, reserved 1048576K

Heap Regions: E=young(eden), S=young(survivor), O=old, HS=humongous(starts), HC=humongous(continues), CS=collection set, F=free, OA=open archive, CA=closed archive, TAMS=top-at-mark-start (previous, next)
|   0|0x0000000701200000, 0x0000000701200000, 0x0000000701400000|  0%| F|  |TAMS 0x0000000701200000, 0x0000000701200000| Untracked 
|   1|0x0000000701400000, 0x0000000701400000, 0x0000000701600000|  0%| F|  |TAMS 0x0000000701400000, 0x0000000701400000| Untracked 
|   2|0x0000000701600000, 0x0000000701600000, 0x0000000701800000|  0%| F|  |TAMS 0x0000000701600000, 0x0000000701600000| Untracked 
|   3|0x0000000701800000, 0x0000000701800000, 0x0000000701a00000|  0%| F|  |TAMS 0x0000000701800000, 0x0000000701800000| Untracked 
|   4|0x0000000701a00000, 0x0000000701a00000, 0x0000000701c00000|  0%| F|  |TAMS 0x0000000701a00000, 0x0000000701a00000| Untracked 
|   5|0x0000000701c00000, 0x0000000701c00000, 0x0000000701e00000|  0%| F|  |TAMS 0x0000000701c00000, 0x0000000701c00000| Untracked 
|   6|0x0000000701e00000, 0x0000000701e00000, 0x0000000702000000|  0%| F|  |TAMS 0x0000000701e00000, 0x0000000701e00000| Untracked 
|   7|0x0000000702000000, 0x0000000702000000, 0x0000000702200000|  0%| F|  |TAMS 0x0000000702000000, 0x0000000702000000| Untracked 
|   8|0x0000000702200000, 0x0000000702200000, 0x0000000702400000|  0%| F|  |TAMS 0x0000000702200000, 0x0000000702200000| Untracked 
|   9|0x0000000702400000, 0x0000000702400000, 0x0000000702600000|  0%| F|  |TAMS 0x0000000702400000, 0x0000000702400000| Untracked 
|  10|0x0000000702600000, 0x0000000702600000, 0x0000000702800000|  0%| F|  |TAMS 0x0000000702600000, 0x0000000702600000| Untracked 
|  11|0x0000000702800000, 0x0000000702800000, 0x0000000702a00000|  0%| F|  |TAMS 0x0000000702800000, 0x0000000702800000| Untracked 
|  12|0x0000000702a00000, 0x0000000702a00000, 0x0000000702c00000|  0%| F|  |TAMS 0x0000000702a00000, 0x0000000702a00000| Untracked 
|  13|0x0000000702c00000, 0x0000000702c00000, 0x0000000702e00000|  0%| F|  |TAMS 0x0000000702c00000, 0x0000000702c00000| Untracked 
|  14|0x0000000702e00000, 0x0000000702e00000, 0x0000000703000000|  0%| F|  |TAMS 0x0000000702e00000, 0x0000000702e00000| Untracked 
|  15|0x0000000703000000, 0x0000000703000000, 0x0000000703200000|  0%| F|  |TAMS 0x0000000703000000, 0x0000000703000000| Untracked 
|  16|0x0000000703200000, 0x0000000703200000, 0x0000000703400000|  0%| F|  |TAMS 0x0000000703200000, 0x0000000703200000| Untracked 
|  17|0x0000000703400000, 0x0000000703400000, 0x0000000703600000|  0%| F|  |TAMS 0x0000000703400000, 0x0000000703400000| Untracked 
|  18|0x0000000703600000, 0x0000000703600000, 0x0000000703800000|  0%| F|  |TAMS 0x0000000703600000, 0x0000000703600000| Untracked 
|  19|0x0000000703800000, 0x0000000703800000, 0x0000000703a00000|  0%| F|  |TAMS 0x0000000703800000, 0x0000000703800000| Untracked 
|  20|0x0000000703a00000, 0x0000000703a00000, 0x0000000703c00000|  0%| F|  |TAMS 0x0000000703a00000, 0x0000000703a00000| Untracked 
|  21|0x0000000703c00000, 0x0000000703c00000, 0x0000000703e00000|  0%| F|  |TAMS 0x0000000703c00000, 0x0000000703c00000| Untracked 
|  22|0x0000000703e00000, 0x0000000703e00000, 0x0000000704000000|  0%| F|  |TAMS 0x0000000703e00000, 0x0000000703e00000| Untracked 
|  23|0x0000000704000000, 0x0000000704000000, 0x0000000704200000|  0%| F|  |TAMS 0x0000000704000000, 0x0000000704000000| Untracked 
|  24|0x0000000704200000, 0x0000000704200000, 0x0000000704400000|  0%| F|  |TAMS 0x0000000704200000, 0x0000000704200000| Untracked 
|  25|0x0000000704400000, 0x0000000704400000, 0x0000000704600000|  0%| F|  |TAMS 0x0000000704400000, 0x0000000704400000| Untracked 
|  26|0x0000000704600000, 0x0000000704600000, 0x0000000704800000|  0%| F|  |TAMS 0x0000000704600000, 0x0000000704600000| Untracked 
|  27|0x0000000704800000, 0x0000000704800000, 0x0000000704a00000|  0%| F|  |TAMS 0x0000000704800000, 0x0000000704800000| Untracked 
|  28|0x0000000704a00000, 0x0000000704a00000, 0x0000000704c00000|  0%| F|  |TAMS 0x0000000704a00000, 0x0000000704a00000| Untracked 
|  29|0x0000000704c00000, 0x0000000704c00000, 0x0000000704e00000|  0%| F|  |TAMS 0x0000000704c00000, 0x0000000704c00000| Untracked 
|  30|0x0000000704e00000, 0x0000000704e00000, 0x0000000705000000|  0%| F|  |TAMS 0x0000000704e00000, 0x0000000704e00000| Untracked 
|  31|0x0000000705000000, 0x0000000705000000, 0x0000000705200000|  0%| F|  |TAMS 0x0000000705000000, 0x0000000705000000| Untracked 
|  32|0x0000000705200000, 0x0000000705200000, 0x0000000705400000|  0%| F|  |TAMS 0x0000000705200000, 0x0000000705200000| Untracked 
|  33|0x0000000705400000, 0x0000000705400000, 0x0000000705600000|  0%| F|  |TAMS 0x0000000705400000, 0x0000000705400000| Untracked 
|  34|0x0000000705600000, 0x0000000705600000, 0x0000000705800000|  0%| F|  |TAMS 0x0000000705600000, 0x0000000705600000| Untracked 
|  35|0x0000000705800000, 0x0000000705800000, 0x0000000705a00000|  0%| F|  |TAMS 0x0000000705800000, 0x0000000705800000| Untracked 
|  36|0x0000000705a00000, 0x0000000705a00000, 0x0000000705c00000|  0%| F|  |TAMS 0x0000000705a00000, 0x0000000705a00000| Untracked 
|  37|0x0000000705c00000, 0x0000000705c00000, 0x0000000705e00000|  0%| F|  |TAMS 0x0000000705c00000, 0x0000000705c00000| Untracked 
|  38|0x0000000705e00000, 0x0000000705e00000, 0x0000000706000000|  0%| F|  |TAMS 0x0000000705e00000, 0x0000000705e00000| Untracked 
|  39|0x0000000706000000, 0x0000000706000000, 0x0000000706200000|  0%| F|  |TAMS 0x0000000706000000, 0x0000000706000000| Untracked 
|  40|0x0000000706200000, 0x0000000706200000, 0x0000000706400000|  0%| F|  |TAMS 0x0000000706200000, 0x0000000706200000| Untracked 
|  41|0x0000000706400000, 0x0000000706400000, 0x0000000706600000|  0%| F|  |TAMS 0x0000000706400000, 0x0000000706400000| Untracked 
|  42|0x0000000706600000, 0x0000000706600000, 0x0000000706800000|  0%| F|  |TAMS 0x0000000706600000, 0x0000000706600000| Untracked 
|  43|0x0000000706800000, 0x0000000706800000, 0x0000000706a00000|  0%| F|  |TAMS 0x0000000706800000, 0x0000000706800000| Untracked 
|  44|0x0000000706a00000, 0x0000000706a00000, 0x0000000706c00000|  0%| F|  |TAMS 0x0000000706a00000, 0x0000000706a00000| Untracked 
|  45|0x0000000706c00000, 0x0000000706c00000, 0x0000000706e00000|  0%| F|  |TAMS 0x0000000706c00000, 0x0000000706c00000| Untracked 
|  46|0x0000000706e00000, 0x0000000706e00000, 0x0000000707000000|  0%| F|  |TAMS 0x0000000706e00000, 0x0000000706e00000| Untracked 
|  47|0x0000000707000000, 0x0000000707000000, 0x0000000707200000|  0%| F|  |TAMS 0x0000000707000000, 0x0000000707000000| Untracked 
|  48|0x0000000707200000, 0x0000000707200000, 0x0000000707400000|  0%| F|  |TAMS 0x0000000707200000, 0x0000000707200000| Untracked 
|  49|0x0000000707400000, 0x0000000707400000, 0x0000000707600000|  0%| F|  |TAMS 0x0000000707400000, 0x0000000707400000| Untracked 
|  50|0x0000000707600000, 0x0000000707600000, 0x0000000707800000|  0%| F|  |TAMS 0x0000000707600000, 0x0000000707600000| Untracked 
|  51|0x0000000707800000, 0x0000000707800000, 0x0000000707a00000|  0%| F|  |TAMS 0x0000000707800000, 0x0000000707800000| Untracked 
|  52|0x0000000707a00000, 0x0000000707ac2b00, 0x0000000707c00000| 38%| S|CS|TAMS 0x0000000707a00000, 0x0000000707a00000| Complete 
|  53|0x0000000707c00000, 0x0000000707e00000, 0x0000000707e00000|100%| S|CS|TAMS 0x0000000707c00000, 0x0000000707c00000| Complete 
|  54|0x0000000707e00000, 0x0000000707e00000, 0x0000000708000000|  0%| F|  |TAMS 0x0000000707e00000, 0x0000000707e00000| Untracked 
|  55|0x0000000708000000, 0x0000000708000000, 0x0000000708200000|  0%| F|  |TAMS 0x0000000708000000, 0x0000000708000000| Untracked 
|  56|0x0000000708200000, 0x0000000708200000, 0x0000000708400000|  0%| F|  |TAMS 0x0000000708200000, 0x0000000708200000| Untracked 
|  57|0x0000000708400000, 0x0000000708400000, 0x0000000708600000|  0%| F|  |TAMS 0x0000000708400000, 0x0000000708400000| Untracked 
|  58|0x0000000708600000, 0x0000000708600000, 0x0000000708800000|  0%| F|  |TAMS 0x0000000708600000, 0x0000000708600000| Untracked 
|  59|0x0000000708800000, 0x0000000708800000, 0x0000000708a00000|  0%| F|  |TAMS 0x0000000708800000, 0x0000000708800000| Untracked 
|  60|0x0000000708a00000, 0x0000000708a00000, 0x0000000708c00000|  0%| F|  |TAMS 0x0000000708a00000, 0x0000000708a00000| Untracked 
|  61|0x0000000708c00000, 0x0000000708c00000, 0x0000000708e00000|  0%| F|  |TAMS 0x0000000708c00000, 0x0000000708c00000| Untracked 
|  62|0x0000000708e00000, 0x0000000708e00000, 0x0000000709000000|  0%| F|  |TAMS 0x0000000708e00000, 0x0000000708e00000| Untracked 
|  63|0x0000000709000000, 0x0000000709000000, 0x0000000709200000|  0%| F|  |TAMS 0x0000000709000000, 0x0000000709000000| Untracked 
|  64|0x0000000709200000, 0x0000000709200000, 0x0000000709400000|  0%| F|  |TAMS 0x0000000709200000, 0x0000000709200000| Untracked 
|  65|0x0000000709400000, 0x0000000709400000, 0x0000000709600000|  0%| F|  |TAMS 0x0000000709400000, 0x0000000709400000| Untracked 
|  66|0x0000000709600000, 0x0000000709600000, 0x0000000709800000|  0%| F|  |TAMS 0x0000000709600000, 0x0000000709600000| Untracked 
|  67|0x0000000709800000, 0x0000000709800000, 0x0000000709a00000|  0%| F|  |TAMS 0x0000000709800000, 0x0000000709800000| Untracked 
|  68|0x0000000709a00000, 0x0000000709a00000, 0x0000000709c00000|  0%| F|  |TAMS 0x0000000709a00000, 0x0000000709a00000| Untracked 
|  69|0x0000000709c00000, 0x0000000709c00000, 0x0000000709e00000|  0%| F|  |TAMS 0x0000000709c00000, 0x0000000709c00000| Untracked 
|  70|0x0000000709e00000, 0x0000000709e00000, 0x000000070a000000|  0%| F|  |TAMS 0x0000000709e00000, 0x0000000709e00000| Untracked 
|  71|0x000000070a000000, 0x000000070a000000, 0x000000070a200000|  0%| F|  |TAMS 0x000000070a000000, 0x000000070a000000| Untracked 
|  72|0x000000070a200000, 0x000000070a200000, 0x000000070a400000|  0%| F|  |TAMS 0x000000070a200000, 0x000000070a200000| Untracked 
|  73|0x000000070a400000, 0x000000070a400000, 0x000000070a600000|  0%| F|  |TAMS 0x000000070a400000, 0x000000070a400000| Untracked 
|  74|0x000000070a600000, 0x000000070a600000, 0x000000070a800000|  0%| F|  |TAMS 0x000000070a600000, 0x000000070a600000| Untracked 
|  75|0x000000070a800000, 0x000000070a800000, 0x000000070aa00000|  0%| F|  |TAMS 0x000000070a800000, 0x000000070a800000| Untracked 
|  76|0x000000070aa00000, 0x000000070aa00000, 0x000000070ac00000|  0%| F|  |TAMS 0x000000070aa00000, 0x000000070aa00000| Untracked 
|  77|0x000000070ac00000, 0x000000070ac00000, 0x000000070ae00000|  0%| F|  |TAMS 0x000000070ac00000, 0x000000070ac00000| Untracked 
|  78|0x000000070ae00000, 0x000000070ae00000, 0x000000070b000000|  0%| F|  |TAMS 0x000000070ae00000, 0x000000070ae00000| Untracked 
|  79|0x000000070b000000, 0x000000070b000000, 0x000000070b200000|  0%| F|  |TAMS 0x000000070b000000, 0x000000070b000000| Untracked 
|  80|0x000000070b200000, 0x000000070b200000, 0x000000070b400000|  0%| F|  |TAMS 0x000000070b200000, 0x000000070b200000| Untracked 
|  81|0x000000070b400000, 0x000000070b400000, 0x000000070b600000|  0%| F|  |TAMS 0x000000070b400000, 0x000000070b400000| Untracked 
|  82|0x000000070b600000, 0x000000070b600000, 0x000000070b800000|  0%| F|  |TAMS 0x000000070b600000, 0x000000070b600000| Untracked 
|  83|0x000000070b800000, 0x000000070b800000, 0x000000070ba00000|  0%| F|  |TAMS 0x000000070b800000, 0x000000070b800000| Untracked 
|  84|0x000000070ba00000, 0x000000070ba00000, 0x000000070bc00000|  0%| F|  |TAMS 0x000000070ba00000, 0x000000070ba00000| Untracked 
|  85|0x000000070bc00000, 0x000000070bc00000, 0x000000070be00000|  0%| F|  |TAMS 0x000000070bc00000, 0x000000070bc00000| Untracked 
|  86|0x000000070be00000, 0x000000070be00000, 0x000000070c000000|  0%| F|  |TAMS 0x000000070be00000, 0x000000070be00000| Untracked 
|  87|0x000000070c000000, 0x000000070c000000, 0x000000070c200000|  0%| F|  |TAMS 0x000000070c000000, 0x000000070c000000| Untracked 
|  88|0x000000070c200000, 0x000000070c200000, 0x000000070c400000|  0%| F|  |TAMS 0x000000070c200000, 0x000000070c200000| Untracked 
|  89|0x000000070c400000, 0x000000070c400000, 0x000000070c600000|  0%| F|  |TAMS 0x000000070c400000, 0x000000070c400000| Untracked 
|  90|0x000000070c600000, 0x000000070c600000, 0x000000070c800000|  0%| F|  |TAMS 0x000000070c600000, 0x000000070c600000| Untracked 
|  91|0x000000070c800000, 0x000000070c800000, 0x000000070ca00000|  0%| F|  |TAMS 0x000000070c800000, 0x000000070c800000| Untracked 
|  92|0x000000070ca00000, 0x000000070ca00000, 0x000000070cc00000|  0%| F|  |TAMS 0x000000070ca00000, 0x000000070ca00000| Untracked 
|  93|0x000000070cc00000, 0x000000070cc00000, 0x000000070ce00000|  0%| F|  |TAMS 0x000000070cc00000, 0x000000070cc00000| Untracked 
|  94|0x000000070ce00000, 0x000000070ce00000, 0x000000070d000000|  0%| F|  |TAMS 0x000000070ce00000, 0x000000070ce00000| Untracked 
|  95|0x000000070d000000, 0x000000070d000000, 0x000000070d200000|  0%| F|  |TAMS 0x000000070d000000, 0x000000070d000000| Untracked 
|  96|0x000000070d200000, 0x000000070d200000, 0x000000070d400000|  0%| F|  |TAMS 0x000000070d200000, 0x000000070d200000| Untracked 
|  97|0x000000070d400000, 0x000000070d400000, 0x000000070d600000|  0%| F|  |TAMS 0x000000070d400000, 0x000000070d400000| Untracked 
|  98|0x000000070d600000, 0x000000070d600000, 0x000000070d800000|  0%| F|  |TAMS 0x000000070d600000, 0x000000070d600000| Untracked 
|  99|0x000000070d800000, 0x000000070d800000, 0x000000070da00000|  0%| F|  |TAMS 0x000000070d800000, 0x000000070d800000| Untracked 
| 100|0x000000070da00000, 0x000000070da00000, 0x000000070dc00000|  0%| F|  |TAMS 0x000000070da00000, 0x000000070da00000| Untracked 
| 101|0x000000070dc00000, 0x000000070dc00000, 0x000000070de00000|  0%| F|  |TAMS 0x000000070dc00000, 0x000000070dc00000| Untracked 
| 102|0x000000070de00000, 0x000000070de00000, 0x000000070e000000|  0%| F|  |TAMS 0x000000070de00000, 0x000000070de00000| Untracked 
| 103|0x000000070e000000, 0x000000070e000000, 0x000000070e200000|  0%| F|  |TAMS 0x000000070e000000, 0x000000070e000000| Untracked 
| 104|0x000000070e200000, 0x000000070e200000, 0x000000070e400000|  0%| F|  |TAMS 0x000000070e200000, 0x000000070e200000| Untracked 
| 105|0x000000070e400000, 0x000000070e52f9c8, 0x000000070e600000| 59%| E|  |TAMS 0x000000070e400000, 0x000000070e400000| Complete 
| 106|0x000000070e600000, 0x000000070e800000, 0x000000070e800000|100%| E|CS|TAMS 0x000000070e600000, 0x000000070e600000| Complete 
| 107|0x000000070e800000, 0x000000070ea00000, 0x000000070ea00000|100%| E|CS|TAMS 0x000000070e800000, 0x000000070e800000| Complete 
| 108|0x000000070ea00000, 0x000000070ec00000, 0x000000070ec00000|100%| E|CS|TAMS 0x000000070ea00000, 0x000000070ea00000| Complete 
| 109|0x000000070ec00000, 0x000000070ee00000, 0x000000070ee00000|100%| E|CS|TAMS 0x000000070ec00000, 0x000000070ec00000| Complete 
| 110|0x000000070ee00000, 0x000000070f000000, 0x000000070f000000|100%| E|CS|TAMS 0x000000070ee00000, 0x000000070ee00000| Complete 
| 111|0x000000070f000000, 0x000000070f200000, 0x000000070f200000|100%| E|CS|TAMS 0x000000070f000000, 0x000000070f000000| Complete 
| 112|0x000000070f200000, 0x000000070f400000, 0x000000070f400000|100%| E|CS|TAMS 0x000000070f200000, 0x000000070f200000| Complete 
| 113|0x000000070f400000, 0x000000070f600000, 0x000000070f600000|100%| E|CS|TAMS 0x000000070f400000, 0x000000070f400000| Complete 
| 114|0x000000070f600000, 0x000000070f800000, 0x000000070f800000|100%| E|CS|TAMS 0x000000070f600000, 0x000000070f600000| Complete 
| 115|0x000000070f800000, 0x000000070fa00000, 0x000000070fa00000|100%| E|CS|TAMS 0x000000070f800000, 0x000000070f800000| Complete 
| 116|0x000000070fa00000, 0x000000070fc00000, 0x000000070fc00000|100%| E|CS|TAMS 0x000000070fa00000, 0x000000070fa00000| Complete 
| 117|0x000000070fc00000, 0x000000070fe00000, 0x000000070fe00000|100%| E|CS|TAMS 0x000000070fc00000, 0x000000070fc00000| Complete 
| 118|0x000000070fe00000, 0x0000000710000000, 0x0000000710000000|100%| E|CS|TAMS 0x000000070fe00000, 0x000000070fe00000| Complete 
| 119|0x0000000710000000, 0x0000000710200000, 0x0000000710200000|100%| E|CS|TAMS 0x0000000710000000, 0x0000000710000000| Complete 
| 120|0x0000000710200000, 0x0000000710400000, 0x0000000710400000|100%| E|CS|TAMS 0x0000000710200000, 0x0000000710200000| Complete 
| 121|0x0000000710400000, 0x0000000710600000, 0x0000000710600000|100%| E|CS|TAMS 0x0000000710400000, 0x0000000710400000| Complete 
| 122|0x0000000710600000, 0x0000000710800000, 0x0000000710800000|100%| E|CS|TAMS 0x0000000710600000, 0x0000000710600000| Complete 
| 123|0x0000000710800000, 0x0000000710a00000, 0x0000000710a00000|100%| E|CS|TAMS 0x0000000710800000, 0x0000000710800000| Complete 
| 124|0x0000000710a00000, 0x0000000710c00000, 0x0000000710c00000|100%| E|CS|TAMS 0x0000000710a00000, 0x0000000710a00000| Complete 
| 125|0x0000000710c00000, 0x0000000710e00000, 0x0000000710e00000|100%| E|CS|TAMS 0x0000000710c00000, 0x0000000710c00000| Complete 
| 126|0x0000000710e00000, 0x0000000711000000, 0x0000000711000000|100%| E|CS|TAMS 0x0000000710e00000, 0x0000000710e00000| Complete 
| 127|0x0000000711000000, 0x0000000711200000, 0x0000000711200000|100%| E|CS|TAMS 0x0000000711000000, 0x0000000711000000| Complete 

Card table byte_map: [0x0000019f48ba0000,0x0000019f493a0000] _byte_map_base: 0x0000019f45397000

Marking Bits (Prev, Next): (CMBitMap*) 0x0000019f3168e540, (CMBitMap*) 0x0000019f3168e580
 Prev Bits: [0x0000019f49ba0000, 0x0000019f4db58000)
 Next Bits: [0x0000019f4db60000, 0x0000019f51b18000)

Polling page: 0x0000019f2f3b0000

Metaspace:

Usage:
  Non-class:      6.28 MB used.
      Class:    767.34 KB used.
       Both:      7.03 MB used.

Virtual space:
  Non-class space:        8.00 MB reserved,       6.44 MB ( 80%) committed,  1 nodes.
      Class space:        1.00 GB reserved,     896.00 KB ( <1%) committed,  1 nodes.
             Both:        1.01 GB reserved,       7.31 MB ( <1%) committed. 

Chunk freelists:
   Non-Class:  1008.00 KB
       Class:  3.10 MB
        Both:  4.08 MB

MaxMetaspaceSize: unlimited
CompressedClassSpaceSize: 1.00 GB
Initial GC threshold: 21.00 MB
Current GC threshold: 21.00 MB
CDS: on
MetaspaceReclaimPolicy: balanced
 - commit_granule_bytes: 65536.
 - commit_granule_words: 8192.
 - virtual_space_node_default_size: 1048576.
 - enlarge_chunks_in_place: 1.
 - new_chunks_are_fully_committed: 0.
 - uncommit_free_chunks: 1.
 - use_allocation_guard: 0.
 - handle_deallocations: 1.


Internal statistics:

num_allocs_failed_limit: 0.
num_arena_births: 132.
num_arena_deaths: 0.
num_vsnodes_births: 2.
num_vsnodes_deaths: 0.
num_space_committed: 117.
num_space_uncommitted: 0.
num_chunks_returned_to_freelist: 0.
num_chunks_taken_from_freelist: 195.
num_chunk_merges: 0.
num_chunk_splits: 110.
num_chunks_enlarged: 42.
num_purges: 0.
num_inconsistent_stats: 0.

CodeHeap 'non-profiled nmethods': size=120000Kb used=1119Kb max_used=1119Kb free=118880Kb
 bounds [0x0000019f40920000, 0x0000019f40b90000, 0x0000019f47e50000]
CodeHeap 'profiled nmethods': size=120000Kb used=3013Kb max_used=3013Kb free=116986Kb
 bounds [0x0000019f393f0000, 0x0000019f396f0000, 0x0000019f40920000]
CodeHeap 'non-nmethods': size=5760Kb used=1248Kb max_used=1269Kb free=4511Kb
 bounds [0x0000019f38e50000, 0x0000019f390c0000, 0x0000019f393f0000]
 total_blobs=2322 nmethods=1755 adapters=479
 compilation: enabled
              stopped_count=0, restarted_count=0
 full_count=0

Compilation events (20 events):
Event: 18.040 Thread 0x0000019f5478c440 1746  s    4       sun.java2d.d3d.D3DRenderQueue::getInstance (33 bytes)
Event: 18.040 Thread 0x0000019f5478c440 nmethod 1746 0x0000019f40a34110 code [0x0000019f40a342a0, 0x0000019f40a34458]
Event: 18.040 Thread 0x0000019f5478c440 1747       4       sun.java2d.d3d.D3DSurfaceData::getBounds (98 bytes)
Event: 18.042 Thread 0x0000019f5478c440 nmethod 1747 0x0000019f40a34510 code [0x0000019f40a346e0, 0x0000019f40a34a78]
Event: 18.626 Thread 0x0000019f5478c440 1748       4       java.util.stream.ReferencePipeline::forEach (11 bytes)
Event: 18.627 Thread 0x0000019f5478c440 nmethod 1748 0x0000019f40a34d10 code [0x0000019f40a34ea0, 0x0000019f40a35028]
Event: 18.804 Thread 0x0000019f5478c440 1749       4       com.ewan.dunjeon.world.entities.memory.FloorMemory::setAllDataToOld (42 bytes)
Event: 18.811 Thread 0x0000019f5478c440 nmethod 1749 0x0000019f40a35190 code [0x0000019f40a35380, 0x0000019f40a35fa8]
Event: 18.811 Thread 0x0000019f5478c440 1750       4       java.util.stream.Collectors::toList (26 bytes)
Event: 18.812 Thread 0x0000019f5478c440 nmethod 1750 0x0000019f40a36590 code [0x0000019f40a36720, 0x0000019f40a367f8]
Event: 19.467 Thread 0x0000019f5478c440 1751       4       java.util.stream.ReduceOps::makeRef (42 bytes)
Event: 19.468 Thread 0x0000019f5478c440 nmethod 1751 0x0000019f40a36910 code [0x0000019f40a36aa0, 0x0000019f40a36bd8]
Event: 19.468 Thread 0x0000019f5478c440 1752       4       java.util.stream.Collectors$$Lambda$23/0x0000000800c4f898::get (8 bytes)
Event: 19.468 Thread 0x0000019f5478c440 nmethod 1752 0x0000019f40a36d10 code [0x0000019f40a36ea0, 0x0000019f40a36f78]
Event: 19.908 Thread 0x0000019f5478c440 1753       4       java.util.stream.ReduceOps$3::getOpFlags (28 bytes)
Event: 19.912 Thread 0x0000019f5478c440 nmethod 1753 0x0000019f40a37010 code [0x0000019f40a371e0, 0x0000019f40a37508]
Event: 19.943 Thread 0x0000019f5478c440 1754       4       java.util.stream.ForEachOps$ForEachOp::getOpFlags (15 bytes)
Event: 19.943 Thread 0x0000019f5478c440 nmethod 1754 0x0000019f40a37890 code [0x0000019f40a37a00, 0x0000019f40a37a98]
Event: 19.943 Thread 0x0000019f5478c440 1755       4       java.util.stream.ForEachOps$ForEachOp$OfRef::evaluateSequential (7 bytes)
Event: 19.944 Thread 0x0000019f5478c440 nmethod 1755 0x0000019f40a37b90 code [0x0000019f40a37d20, 0x0000019f40a37e28]

GC Heap History (8 events):
Event: 0.179 GC heap before
{Heap before GC invocations=0 (full 0):
 garbage-first heap   total 262144K, used 22528K [0x0000000701200000, 0x0000000800000000)
  region size 2048K, 11 young (22528K), 0 survivors (0K)
 Metaspace       used 1322K, committed 1536K, reserved 1056768K
  class space    used 123K, committed 256K, reserved 1048576K
}
Event: 0.180 GC heap after
{Heap after GC invocations=1 (full 0):
 garbage-first heap   total 262144K, used 1295K [0x0000000701200000, 0x0000000800000000)
  region size 2048K, 1 young (2048K), 1 survivors (2048K)
 Metaspace       used 1322K, committed 1536K, reserved 1056768K
  class space    used 123K, committed 256K, reserved 1048576K
}
Event: 0.306 GC heap before
{Heap before GC invocations=1 (full 0):
 garbage-first heap   total 262144K, used 42255K [0x0000000701200000, 0x0000000800000000)
  region size 2048K, 21 young (43008K), 1 survivors (2048K)
 Metaspace       used 1330K, committed 1536K, reserved 1056768K
  class space    used 123K, committed 256K, reserved 1048576K
}
Event: 0.307 GC heap after
{Heap after GC invocations=2 (full 0):
 garbage-first heap   total 262144K, used 1455K [0x0000000701200000, 0x0000000800000000)
  region size 2048K, 1 young (2048K), 1 survivors (2048K)
 Metaspace       used 1330K, committed 1536K, reserved 1056768K
  class space    used 123K, committed 256K, reserved 1048576K
}
Event: 7.775 GC heap before
{Heap before GC invocations=2 (full 0):
 garbage-first heap   total 262144K, used 155055K [0x0000000701200000, 0x0000000800000000)
  region size 2048K, 76 young (155648K), 1 survivors (2048K)
 Metaspace       used 7128K, committed 7360K, reserved 1056768K
  class space    used 766K, committed 896K, reserved 1048576K
}
Event: 7.777 GC heap after
{Heap after GC invocations=3 (full 0):
 garbage-first heap   total 262144K, used 2762K [0x0000000701200000, 0x0000000800000000)
  region size 2048K, 2 young (4096K), 2 survivors (4096K)
 Metaspace       used 7128K, committed 7360K, reserved 1056768K
  class space    used 766K, committed 896K, reserved 1048576K
}
Event: 17.469 GC heap before
{Heap before GC invocations=3 (full 0):
 garbage-first heap   total 262144K, used 154314K [0x0000000701200000, 0x0000000800000000)
  region size 2048K, 76 young (155648K), 2 survivors (4096K)
 Metaspace       used 7192K, committed 7424K, reserved 1056768K
  class space    used 766K, committed 896K, reserved 1048576K
}
Event: 17.470 GC heap after
{Heap after GC invocations=4 (full 0):
 garbage-first heap   total 262144K, used 2826K [0x0000000701200000, 0x0000000800000000)
  region size 2048K, 2 young (4096K), 2 survivors (4096K)
 Metaspace       used 7192K, committed 7424K, reserved 1056768K
  class space    used 766K, committed 896K, reserved 1048576K
}

Deoptimization events (20 events):
Event: 2.215 Thread 0x0000019f56b8abb0 DEOPT PACKING pc=0x0000019f39604a23 sp=0x00000020053fe4d0
Event: 2.215 Thread 0x0000019f56b8abb0 DEOPT UNPACKING pc=0x0000019f38ea2b43 sp=0x00000020053fda10 mode 0
Event: 4.001 Thread 0x0000019f3163f3e0 Uncommon trap: trap_request=0xffffffbe fr.pc=0x0000019f40974bec relative=0x00000000000017cc
Event: 4.001 Thread 0x0000019f3163f3e0 Uncommon trap: reason=profile_predicate action=maybe_recompile pc=0x0000019f40974bec method=com.ewan.dunjeon.generation.PathFinding.getAdjacent(Ljava/awt/Point;IILcom/ewan/dunjeon/generation/PathFinding$CornerInclusionRule;[[Ljava/lang/Float;)Ljava/util/L
Event: 4.001 Thread 0x0000019f3163f3e0 DEOPT PACKING pc=0x0000019f40974bec sp=0x0000002003fff270
Event: 4.001 Thread 0x0000019f3163f3e0 DEOPT UNPACKING pc=0x0000019f38ea23a3 sp=0x0000002003fff230 mode 2
Event: 4.001 Thread 0x0000019f3163f3e0 Uncommon trap: trap_request=0xffffffbe fr.pc=0x0000019f40974bec relative=0x00000000000017cc
Event: 4.001 Thread 0x0000019f3163f3e0 Uncommon trap: reason=profile_predicate action=maybe_recompile pc=0x0000019f40974bec method=com.ewan.dunjeon.generation.PathFinding.getAdjacent(Ljava/awt/Point;IILcom/ewan/dunjeon/generation/PathFinding$CornerInclusionRule;[[Ljava/lang/Float;)Ljava/util/L
Event: 4.001 Thread 0x0000019f3163f3e0 DEOPT PACKING pc=0x0000019f40974bec sp=0x0000002003fff270
Event: 4.001 Thread 0x0000019f3163f3e0 DEOPT UNPACKING pc=0x0000019f38ea23a3 sp=0x0000002003fff230 mode 2
Event: 7.723 Thread 0x0000019f56b8abb0 DEOPT PACKING pc=0x0000019f395ee125 sp=0x00000020053fef50
Event: 7.723 Thread 0x0000019f56b8abb0 DEOPT UNPACKING pc=0x0000019f38ea2b43 sp=0x00000020053fe3e0 mode 0
Event: 7.787 Thread 0x0000019f56b8abb0 Uncommon trap: trap_request=0xfffffff4 fr.pc=0x0000019f409c3dd4 relative=0x0000000000001b94
Event: 7.787 Thread 0x0000019f56b8abb0 Uncommon trap: reason=null_check action=make_not_entrant pc=0x0000019f409c3dd4 method=sun.java2d.pipe.BufferedContext.validate(Lsun/java2d/pipe/hw/AccelSurface;Lsun/java2d/pipe/hw/AccelSurface;Lsun/java2d/pipe/Region;Ljava/awt/Composite;Ljava/awt/geom/Aff
Event: 7.787 Thread 0x0000019f56b8abb0 DEOPT PACKING pc=0x0000019f409c3dd4 sp=0x00000020053fe230
Event: 7.787 Thread 0x0000019f56b8abb0 DEOPT UNPACKING pc=0x0000019f38ea23a3 sp=0x00000020053fe1b8 mode 2
Event: 19.192 Thread 0x0000019f56b8abb0 Uncommon trap: trap_request=0xffffffc6 fr.pc=0x0000019f40a0b028 relative=0x00000000000002e8
Event: 19.192 Thread 0x0000019f56b8abb0 Uncommon trap: reason=bimorphic_or_optimized_type_check action=maybe_recompile pc=0x0000019f40a0b028 method=java.util.HashMap.getNode(Ljava/lang/Object;)Ljava/util/HashMap$Node; @ 128 c2
Event: 19.192 Thread 0x0000019f56b8abb0 DEOPT PACKING pc=0x0000019f40a0b028 sp=0x00000020053fe7e0
Event: 19.192 Thread 0x0000019f56b8abb0 DEOPT UNPACKING pc=0x0000019f38ea23a3 sp=0x00000020053fe6e8 mode 2

Classes unloaded (0 events):
No events

Classes redefined (0 events):
No events

Internal exceptions (17 events):
Event: 0.049 Thread 0x0000019f5526aaa0 Exception <a 'java/lang/NoSuchMethodError'{0x0000000710e75978}: 'java.lang.Object java.lang.invoke.DirectMethodHandle$Holder.invokeStaticInit(java.lang.Object)'> (0x0000000710e75978) 
thrown [t:\workspace\open\src\hotspot\share\interpreter\linkResolver.cpp, line 766]
Event: 0.054 Thread 0x0000019f5526aaa0 Exception <a 'java/lang/NoSuchMethodError'{0x0000000710e83688}: 'void java.lang.invoke.DirectMethodHandle$Holder.invokeStatic(java.lang.Object, java.lang.Object)'> (0x0000000710e83688) 
thrown [t:\workspace\open\src\hotspot\share\interpreter\linkResolver.cpp, line 766]
Event: 0.061 Thread 0x0000019f3163f3e0 Exception <a 'java/lang/NoSuchMethodError'{0x0000000710f472c0}: 'int java.lang.invoke.DirectMethodHandle$Holder.invokeVirtual(java.lang.Object, java.lang.Object, java.lang.Object)'> (0x0000000710f472c0) 
thrown [t:\workspace\open\src\hotspot\share\interpreter\linkResolver.cpp, line 766]
Event: 0.159 Thread 0x0000019f3163f3e0 Exception <a 'java/lang/ClassNotFoundException'{0x000000070fccce50}: sun/awt/resources/spi/awtProvider> (0x000000070fccce50) 
thrown [t:\workspace\open\src\hotspot\share\classfile\systemDictionary.cpp, line 256]
Event: 0.172 Thread 0x0000019f3163f3e0 Exception <a 'java/io/FileNotFoundException'{0x000000070fd17cc8}> (0x000000070fd17cc8) 
thrown [t:\workspace\open\src\hotspot\share\prims\jni.cpp, line 516]
Event: 0.176 Thread 0x0000019f3163f3e0 Exception <a 'java/io/FileNotFoundException'{0x000000070fd44d18}> (0x000000070fd44d18) 
thrown [t:\workspace\open\src\hotspot\share\prims\jni.cpp, line 516]
Event: 0.537 Thread 0x0000019f3163f3e0 Exception <a 'java/lang/NoSuchMethodError'{0x000000070ec72de8}: 'void java.lang.invoke.DirectMethodHandle$Holder.invokeSpecial(java.lang.Object, java.lang.Object, java.lang.Object)'> (0x000000070ec72de8) 
thrown [t:\workspace\open\src\hotspot\share\interpreter\linkResolver.cpp, line 766]
Event: 0.541 Thread 0x0000019f3163f3e0 Exception <a 'java/lang/NoSuchMethodError'{0x000000070ec9d0e0}: 'java.lang.Object java.lang.invoke.DirectMethodHandle$Holder.newInvokeSpecial(java.lang.Object, java.lang.Object, java.lang.Object, java.lang.Object, java.lang.Object)'> (0x000000070ec9d0e0) 
thrown [t:\workspace\open\src\hotspot\share\interpreter\linkResolver.cpp, line 766]
Event: 0.542 Thread 0x0000019f3163f3e0 Exception <a 'java/lang/NoSuchMethodError'{0x000000070eca8aa8}: 'java.lang.Object java.lang.invoke.DirectMethodHandle$Holder.invokeStatic(java.lang.Object, int, java.lang.Object, java.lang.Object, java.lang.Object, java.lang.Object)'> (0x000000070eca8aa8) 
thrown [t:\workspace\open\src\hotspot\share\interpreter\linkResolver.cpp, line 766]
Event: 0.544 Thread 0x0000019f3163f3e0 Exception <a 'java/lang/NoSuchMethodError'{0x000000070ecce268}: 'java.lang.Object java.lang.invoke.DirectMethodHandle$Holder.invokeStatic(java.lang.Object, int, java.lang.Object)'> (0x000000070ecce268) 
thrown [t:\workspace\open\src\hotspot\share\interpreter\linkResolver.cpp, line 766]
Event: 0.557 Thread 0x0000019f3163f3e0 Exception <a 'java/lang/ClassNotFoundException'{0x000000070ea859f0}: com/sun/swing/internal/plaf/metal/resources/spi/metalProvider> (0x000000070ea859f0) 
thrown [t:\workspace\open\src\hotspot\share\classfile\systemDictionary.cpp, line 256]
Event: 0.557 Thread 0x0000019f3163f3e0 Exception <a 'java/lang/ClassNotFoundException'{0x000000070ea89898}: com/sun/swing/internal/plaf/basic/resources/spi/basicProvider> (0x000000070ea89898) 
thrown [t:\workspace\open\src\hotspot\share\classfile\systemDictionary.cpp, line 256]
Event: 0.575 Thread 0x0000019f3163f3e0 Exception <a 'java/lang/NoSuchMethodError'{0x000000070ead1960}: 'void java.lang.invoke.DirectMethodHandle$Holder.invokeStaticInit(java.lang.Object)'> (0x000000070ead1960) 
thrown [t:\workspace\open\src\hotspot\share\interpreter\linkResolver.cpp, line 766]
Event: 0.597 Thread 0x0000019f558f8030 Exception <a 'java/lang/NoSuchMethodError'{0x000000070ed10a20}: 'void java.lang.invoke.DirectMethodHandle$Holder.invokeVirtual(java.lang.Object, java.lang.Object)'> (0x000000070ed10a20) 
thrown [t:\workspace\open\src\hotspot\share\interpreter\linkResolver.cpp, line 766]
Event: 0.603 Thread 0x0000019f3163f3e0 Exception <a 'java/lang/NoSuchMethodError'{0x000000070e8523f0}: 'int java.lang.invoke.DirectMethodHandle$Holder.invokeSpecial(java.lang.Object, java.lang.Object, java.lang.Object, java.lang.Object)'> (0x000000070e8523f0) 
thrown [t:\workspace\open\src\hotspot\share\interpreter\linkResolver.cpp, line 766]
Event: 0.603 Thread 0x0000019f3163f3e0 Exception <a 'java/lang/NoSuchMethodError'{0x000000070e859620}: 'int java.lang.invoke.DirectMethodHandle$Holder.invokeSpecial(java.lang.Object, java.lang.Object, java.lang.Object)'> (0x000000070e859620) 
thrown [t:\workspace\open\src\hotspot\share\interpreter\linkResolver.cpp, line 766]
Event: 7.787 Thread 0x0000019f56b8abb0 Implicit null exception at 0x0000019f409c2457 to 0x0000019f409c3da4

VM Operations (20 events):
Event: 3.601 Executing VM operation: Cleanup
Event: 3.601 Executing VM operation: Cleanup done
Event: 5.602 Executing VM operation: Cleanup
Event: 5.602 Executing VM operation: Cleanup done
Event: 7.602 Executing VM operation: Cleanup
Event: 7.602 Executing VM operation: Cleanup done
Event: 7.775 Executing VM operation: G1CollectForAllocation
Event: 7.777 Executing VM operation: G1CollectForAllocation done
Event: 9.777 Executing VM operation: Cleanup
Event: 9.777 Executing VM operation: Cleanup done
Event: 11.777 Executing VM operation: Cleanup
Event: 11.777 Executing VM operation: Cleanup done
Event: 13.778 Executing VM operation: Cleanup
Event: 13.778 Executing VM operation: Cleanup done
Event: 16.778 Executing VM operation: Cleanup
Event: 16.778 Executing VM operation: Cleanup done
Event: 17.468 Executing VM operation: G1CollectForAllocation
Event: 17.470 Executing VM operation: G1CollectForAllocation done
Event: 19.471 Executing VM operation: Cleanup
Event: 19.471 Executing VM operation: Cleanup done

Events (20 events):
Event: 1.792 loading class javax/swing/Popup$HeavyWeightWindow done
Event: 1.807 loading class java/util/Formatter$FixedString
Event: 1.807 loading class java/util/Formatter$FixedString done
Event: 1.807 loading class jdk/internal/math/FormattedFloatingDecimal$Form
Event: 1.807 loading class jdk/internal/math/FormattedFloatingDecimal$Form done
Event: 1.807 loading class jdk/internal/math/FormattedFloatingDecimal
Event: 1.807 loading class jdk/internal/math/FormattedFloatingDecimal done
Event: 1.807 loading class jdk/internal/math/FormattedFloatingDecimal$1
Event: 1.807 loading class jdk/internal/math/FormattedFloatingDecimal$1 done
Event: 1.807 loading class jdk/internal/math/FDBigInteger
Event: 1.807 loading class jdk/internal/math/FDBigInteger done
Event: 1.808 loading class jdk/internal/math/FormattedFloatingDecimal$2
Event: 1.808 loading class jdk/internal/math/FormattedFloatingDecimal$2 done
Event: 20.277 loading class jdk/internal/misc/Signal$1
Event: 20.277 loading class jdk/internal/misc/Signal$1 done
Event: 20.277 Thread 0x0000019f56c76390 Thread added: 0x0000019f56c76390
Event: 20.277 Thread 0x0000019f56c76860 Thread added: 0x0000019f56c76860
Event: 20.277 Thread 0x0000019f56c74b80 Thread added: 0x0000019f56c74b80
Event: 20.277 Thread 0x0000019f56c74b80 Thread exited: 0x0000019f56c74b80
Event: 20.278 Thread 0x0000019f56c11410 Thread exited: 0x0000019f56c11410


Dynamic libraries:
0x00007ff796e80000 - 0x00007ff796e90000 	C:\Program Files\Java\jdk-17.0.1\bin\java.exe
0x00007ff821330000 - 0x00007ff821528000 	C:\WINDOWS\SYSTEM32\ntdll.dll
0x00007ff81fd90000 - 0x00007ff81fe4f000 	C:\WINDOWS\System32\KERNEL32.DLL
0x00007ff81eb10000 - 0x00007ff81ede2000 	C:\WINDOWS\System32\KERNELBASE.dll
0x00007ff81f0e0000 - 0x00007ff81f1e0000 	C:\WINDOWS\System32\ucrtbase.dll
0x00007ff80f260000 - 0x00007ff80f278000 	C:\Program Files\Java\jdk-17.0.1\bin\jli.dll
0x00007ff80f210000 - 0x00007ff80f22a000 	C:\Program Files\Java\jdk-17.0.1\bin\VCRUNTIME140.dll
0x00007ff81fe50000 - 0x00007ff81fefe000 	C:\WINDOWS\System32\ADVAPI32.dll
0x00007ff81fc60000 - 0x00007ff81fcfe000 	C:\WINDOWS\System32\msvcrt.dll
0x00007ff8210a0000 - 0x00007ff82113c000 	C:\WINDOWS\System32\sechost.dll
0x00007ff820a60000 - 0x00007ff820b85000 	C:\WINDOWS\System32\RPCRT4.dll
0x00007ff820cb0000 - 0x00007ff820e4d000 	C:\WINDOWS\System32\USER32.dll
0x00007ff81eae0000 - 0x00007ff81eb02000 	C:\WINDOWS\System32\win32u.dll
0x00007ff804690000 - 0x00007ff80492a000 	C:\WINDOWS\WinSxS\amd64_microsoft.windows.common-controls_6595b64144ccf1df_6.0.19041.1110_none_60b5254171f9507e\COMCTL32.dll
0x00007ff81fd60000 - 0x00007ff81fd8b000 	C:\WINDOWS\System32\GDI32.dll
0x00007ff81efd0000 - 0x00007ff81f0df000 	C:\WINDOWS\System32\gdi32full.dll
0x00007ff81f2e0000 - 0x00007ff81f37d000 	C:\WINDOWS\System32\msvcp_win.dll
0x00007ff815e80000 - 0x00007ff815e8a000 	C:\WINDOWS\SYSTEM32\VERSION.dll
0x00007ff820b90000 - 0x00007ff820bc2000 	C:\WINDOWS\System32\IMM32.DLL
0x00007ff80f9e0000 - 0x00007ff80f9ec000 	C:\Program Files\Java\jdk-17.0.1\bin\vcruntime140_1.dll
0x00007fffad4e0000 - 0x00007fffad56d000 	C:\Program Files\Java\jdk-17.0.1\bin\msvcp140.dll
0x00007fff9ded0000 - 0x00007fff9ea8e000 	C:\Program Files\Java\jdk-17.0.1\bin\server\jvm.dll
0x00007ff8200c0000 - 0x00007ff8200c8000 	C:\WINDOWS\System32\PSAPI.DLL
0x00007ff815e50000 - 0x00007ff815e77000 	C:\WINDOWS\SYSTEM32\WINMM.dll
0x00007ffffc860000 - 0x00007ffffc869000 	C:\WINDOWS\SYSTEM32\WSOCK32.dll
0x00007ff820fd0000 - 0x00007ff82103b000 	C:\WINDOWS\System32\WS2_32.dll
0x00007ff81c910000 - 0x00007ff81c922000 	C:\WINDOWS\SYSTEM32\kernel.appcore.dll
0x00007ff80f900000 - 0x00007ff80f90a000 	C:\Program Files\Java\jdk-17.0.1\bin\jimage.dll
0x00007ff817500000 - 0x00007ff8176e4000 	C:\WINDOWS\SYSTEM32\DBGHELP.DLL
0x00007ffffab90000 - 0x00007ffffabbc000 	C:\WINDOWS\SYSTEM32\dbgcore.DLL
0x00007ff81f1e0000 - 0x00007ff81f262000 	C:\WINDOWS\System32\bcryptPrimitives.dll
0x00007ff81b800000 - 0x00007ff81b80e000 	C:\Program Files\Java\jdk-17.0.1\bin\instrument.dll
0x00007fffb22c0000 - 0x00007fffb22e5000 	C:\Program Files\Java\jdk-17.0.1\bin\java.dll
0x00007fffad170000 - 0x00007fffad246000 	C:\Program Files\Java\jdk-17.0.1\bin\svml.dll
0x00007ff81f460000 - 0x00007ff81fba3000 	C:\WINDOWS\System32\SHELL32.dll
0x00007ff81cb10000 - 0x00007ff81d2a2000 	C:\WINDOWS\SYSTEM32\windows.storage.dll
0x00007ff820700000 - 0x00007ff820a54000 	C:\WINDOWS\System32\combase.dll
0x00007ff81e490000 - 0x00007ff81e4c0000 	C:\WINDOWS\SYSTEM32\Wldp.dll
0x00007ff820f20000 - 0x00007ff820fcd000 	C:\WINDOWS\System32\SHCORE.dll
0x00007ff81f380000 - 0x00007ff81f3d5000 	C:\WINDOWS\System32\shlwapi.dll
0x00007ff81e970000 - 0x00007ff81e98f000 	C:\WINDOWS\SYSTEM32\profapi.dll
0x00007fffb3880000 - 0x00007fffb3898000 	C:\Program Files\Java\jdk-17.0.1\bin\zip.dll
0x00007ffffa9a0000 - 0x00007ffffa9b9000 	C:\Program Files\Java\jdk-17.0.1\bin\net.dll
0x00007ff810820000 - 0x00007ff81092c000 	C:\WINDOWS\SYSTEM32\WINHTTP.dll
0x00007ff81e1f0000 - 0x00007ff81e25a000 	C:\WINDOWS\system32\mswsock.dll
0x00007ffffa6f0000 - 0x00007ffffa705000 	C:\Program Files\Java\jdk-17.0.1\bin\nio.dll
0x00007ff8109a0000 - 0x00007ff8109ba000 	C:\Program Files\JetBrains\IntelliJ IDEA Community Edition 2022.2.3\bin\breakgen64.dll
0x00007fffacdf0000 - 0x00007fffacf7f000 	C:\Program Files\Java\jdk-17.0.1\bin\awt.dll
0x00007ff820e50000 - 0x00007ff820f1d000 	C:\WINDOWS\System32\OLEAUT32.dll
0x00007ff81c250000 - 0x00007ff81c2e1000 	C:\WINDOWS\SYSTEM32\apphelp.dll
0x00007ff81c620000 - 0x00007ff81c64f000 	C:\WINDOWS\system32\DWMAPI.DLL
0x00007ff81c3a0000 - 0x00007ff81c43e000 	C:\WINDOWS\system32\uxtheme.dll
0x00007ffffa1e0000 - 0x00007ffffa305000 	C:\WINDOWS\system32\opengl32.dll
0x00007ffffb160000 - 0x00007ffffb18c000 	C:\WINDOWS\SYSTEM32\GLU32.dll
0x00007ff8205e0000 - 0x00007ff8206f5000 	C:\WINDOWS\System32\MSCTF.dll
0x00007ff81ff90000 - 0x00007ff8200ba000 	C:\WINDOWS\System32\ole32.dll
0x00007ff81ef50000 - 0x00007ff81ef9e000 	C:\WINDOWS\System32\cfgmgr32.dll
0x00007ff81efa0000 - 0x00007ff81efc7000 	C:\WINDOWS\System32\bcrypt.dll
0x00007ff81d2f0000 - 0x00007ff81d3e3000 	C:\WINDOWS\SYSTEM32\dxgi.dll
0x00007ff816050000 - 0x00007ff81608b000 	C:\WINDOWS\SYSTEM32\dxcore.dll
0x00007ffffa7e0000 - 0x00007ffffa869000 	C:\Program Files\Java\jdk-17.0.1\bin\freetype.dll
0x00007fffaaf50000 - 0x00007fffaaff8000 	C:\Program Files\Java\jdk-17.0.1\bin\fontmanager.dll
0x00007ff813120000 - 0x00007ff813219000 	C:\WINDOWS\SYSTEM32\textinputframework.dll
0x00007ff81bc70000 - 0x00007ff81bfce000 	C:\WINDOWS\System32\CoreUIComponents.dll
0x00007ff81bfd0000 - 0x00007ff81c0c2000 	C:\WINDOWS\System32\CoreMessaging.dll
0x00007ff81dbc0000 - 0x00007ff81dbf3000 	C:\WINDOWS\SYSTEM32\ntmarta.dll
0x00007ff81a760000 - 0x00007ff81a8b4000 	C:\WINDOWS\SYSTEM32\wintypes.dll

dbghelp: loaded successfully - version: 4.0.5 - missing functions: none
symbol engine: initialized successfully - sym options: 0x614 - pdb splitPath: .;C:\Program Files\Java\jdk-17.0.1\bin;C:\WINDOWS\SYSTEM32;C:\WINDOWS\WinSxS\amd64_microsoft.windows.common-controls_6595b64144ccf1df_6.0.19041.1110_none_60b5254171f9507e;C:\Program Files\Java\jdk-17.0.1\bin\server;C:\Program Files\JetBrains\IntelliJ IDEA Community Edition 2022.2.3\bin;C:\WINDOWS\System32\DriverStore\FileRepository\u0376944.inf_amd64_7a28758ed8b2ac21\B376966

VM Arguments:
jvm_args: -Dvisualvm.id=94462012293600 --enable-preview -javaagent:C:\Program Files\JetBrains\IntelliJ IDEA Community Edition 2022.2.3\lib\idea_rt.jar=63756:C:\Program Files\JetBrains\IntelliJ IDEA Community Edition 2022.2.3\bin -Dfile.encoding=UTF-8 
java_command: com.ewan.dunjeon.game.Main
java_class_path (initial): C:\Users\Ewan\IdeaProjects\Dunjeon\target\classes
Launcher Type: SUN_STANDARD

[Global flags]
     intx CICompilerCount                          = 4                                         {product} {ergonomic}
     uint ConcGCThreads                            = 3                                         {product} {ergonomic}
     uint G1ConcRefinementThreads                  = 10                                        {product} {ergonomic}
   size_t G1HeapRegionSize                         = 2097152                                   {product} {ergonomic}
    uintx GCDrainStackTargetSize                   = 64                                        {product} {ergonomic}
   size_t InitialHeapSize                          = 268435456                                 {product} {ergonomic}
   size_t MarkStackSize                            = 4194304                                   {product} {ergonomic}
   size_t MaxHeapSize                              = 4276092928                                {product} {ergonomic}
   size_t MaxNewSize                               = 2564816896                                {product} {ergonomic}
   size_t MinHeapDeltaBytes                        = 2097152                                   {product} {ergonomic}
   size_t MinHeapSize                              = 8388608                                   {product} {ergonomic}
    uintx NonNMethodCodeHeapSize                   = 5839372                                {pd product} {ergonomic}
    uintx NonProfiledCodeHeapSize                  = 122909434                              {pd product} {ergonomic}
    uintx ProfiledCodeHeapSize                     = 122909434                              {pd product} {ergonomic}
    uintx ReservedCodeCacheSize                    = 251658240                              {pd product} {ergonomic}
     bool SegmentedCodeCache                       = true                                      {product} {ergonomic}
   size_t SoftMaxHeapSize                          = 4276092928                             {manageable} {ergonomic}
     bool UseCompressedClassPointers               = true                           {product lp64_product} {ergonomic}
     bool UseCompressedOops                        = true                           {product lp64_product} {ergonomic}
     bool UseG1GC                                  = true                                      {product} {ergonomic}
     bool UseLargePagesIndividualAllocation        = false                                  {pd product} {ergonomic}

Logging:
Log output configuration:
 #0: stdout all=warning uptime,level,tags
 #1: stderr all=off uptime,level,tags

Environment Variables:
JAVA_HOME=C:\Program Files\Amazon Corretto\jdk15.0.2_7
PATH=C:\Program Files\Amazon Corretto\jdk15.0.2_7\bin;C:\Program Files\Oculus\Support\oculus-runtime;C:\Python310\Scripts\;C:\Python310\;C:\Program Files\Common Files\Oracle\Java\javapath;C:\Program Files\AdoptOpenJDK\jdk-11.0.11.9-hotspot\bin;C:\Program Files (x86)\NVIDIA Corporation\PhysX\Common;C:\WINDOWS\system32;C:\WINDOWS;C:\WINDOWS\System32\Wbem;C:\WINDOWS\System32\WindowsPowerShell\v1.0\;C:\WINDOWS\System32\OpenSSH\;C:\Program Files\Microsoft SQL Server\Client SDK\ODBC\110\Tools\Binn\;C:\Program Files (x86)\Microsoft SQL Server\120\Tools\Binn\;C:\Program Files\Microsoft SQL Server\120\Tools\Binn\;C:\Program Files\Microsoft SQL Server\120\DTS\Binn\;C:\Program Files (x86)\Windows Kits\8.1\Windows Performance Toolkit\;C:\Program Files\CMake\bin;C:\Program Files\TortoiseSVN\bin;H:\Matlab\runtime\win64;H:\Matlab\bin;C:\Program Files\PuTTY\;I:\MATLAB\runtime\win64;I:\MATLAB\bin;I:\MATLAB\polyspace\bin;C:\Program Files\nodejs\;C:\ProgramData\chocolatey\bin;C:\Program Files\Airshipper\;C:\Program Files\Git\cmd;C:\Program Files\Git LFS;C:\Users\Ewan\scoop\apps\python\current\Scripts;C:\Users\Ewan\scoop\apps\python\current;C:\Users\Ewan\scoop\shims;C:\Users\Ewan\.cargo\bin;C:\Users\Ewan\AppData\Local\Programs\Python\Python38-32\Scripts\;C:\Users\Ewan\AppData\Local\Programs\Python\Python38-32\;C:\Users\Ewan\AppData\Local\Microsoft\WindowsApps;C:\Program Files (x86)\FAHClient;C:\Users\Ewan\AppData\Roaming\npm
USERNAME=Ewan
OS=Windows_NT
PROCESSOR_IDENTIFIER=AMD64 Family 25 Model 33 Stepping 0, AuthenticAMD



---------------  S Y S T E M  ---------------

OS:
 Windows 10 , 64 bit Build 19041 (10.0.19041.2251)
OS uptime: 1 days 2:14 hours

CPU: total 12 (initial active 12) (12 cores per cpu, 2 threads per core) family 25 model 33 stepping 0 microcode 0x0, cx8, cmov, fxsr, ht, mmx, 3dnowpref, sse, sse2, sse3, ssse3, sse4a, sse4.1, sse4.2, popcnt, lzcnt, tsc, tscinvbit, avx, avx2, aes, erms, clmul, bmi1, bmi2, adx, sha, fma, vzeroupper, clflush, clflushopt

Memory: 4k page, system-wide physical 16309M (8408M free)
TotalPageFile size 32693M (AvailPageFile size 20144M)
current process WorkingSet (physical memory assigned to process): 212M, peak: 241M
current process commit charge ("private bytes"): 391M, peak: 430M

vm_info: Java HotSpot(TM) 64-Bit Server VM (17.0.1+12-LTS-39) for windows-amd64 JRE (17.0.1+12-LTS-39), built on Sep 27 2021 18:41:35 by "mach5one" with MS VC++ 16.8 (VS2019)

END.
